<?xml version="1.0" encoding="UTF-8"?>
<!-- Generated by org.testng.reporters.JUnitXMLReporter -->
<testsuite ignored="0" hostname="DESKTOP-4HL67I5" failures="0" tests="2" name="SeleniumGuru99ProjectPractice" time="11.758" errors="0" timestamp="2024-03-16T17:21:15 NZDT">
  <testcase classname="TestCase.Day1Day2.TestMethodTestNG" name="TestSetUp" time="1.496"/>
  <testcase classname="TestCase.Day1Day2.TestMethodTestNG" name="TestAssert" time="0.011"/>
</testsuite> <!-- SeleniumGuru99ProjectPractice -->
